Arguments: 
  /home/ribas/.nvm/versions/node/v13.2.0/bin/node /usr/share/yarn/bin/yarn.js init

PATH: 
  /home/ribas/.nvm/versions/node/v13.2.0/bin:/home/ribas/.cargo/bin:/home/ribas/.local/bin:/usr/local/sbin:/usr/local/bin:/usr/sbin:/usr/bin:/sbin:/bin:/usr/games:/usr/local/games:/snap/bin:/home/ribas/Android/Sdk/emulator:/home/ribas/Android/Sdk/tools:/home/ribas/Android/Sdk/tools/bin:/home/ribas/Android/Sdk/platform-tools

Yarn version: 
  1.21.1

Node version: 
  13.2.0

Platform: 
  linux x64

Trace: 
  Error: canceled
      at Interface.<anonymous> (/usr/share/yarn/lib/cli.js:136925:13)
      at Interface.emit (events.js:210:5)
      at Interface._ttyWrite (readline.js:885:16)
      at ReadStream.onkeypress (readline.js:191:10)
      at ReadStream.emit (events.js:210:5)
      at emitKeys (internal/readline/utils.js:433:14)
      at emitKeys.next (<anonymous>)
      at ReadStream.onData (readline.js:1151:36)
      at ReadStream.emit (events.js:210:5)
      at addChunk (_stream_readable.js:326:12)

npm manifest: 
  No manifest

yarn manifest: 
  No manifest

Lockfile: 
  No lockfile
